
Log for 'C:\Users\craig\AppData\Local\Temp\0a53a538105e4e2d8cb05a1caac582a7-pulp.lp' Clone_2 (V12.10.0.0) Thu Jan 21 10:03:17 2021


Log for 'C:\Users\craig\AppData\Local\Temp\64242cbd6c9041b4b88408af78d6cde2-pulp.lp' Clone_2 (V12.10.0.0) Thu Jan 21 10:03:27 2021


Log for 'C:\Users\craig\AppData\Local\Temp\64242cbd6c9041b4b88408af78d6cde2-pulp.lp' Clone_2 (V12.10.0.0) Thu Jan 21 10:03:48 2021

Tried aggregator 1 time.
LP Presolve eliminated 3464 rows and 2337 columns.
Aggregator did 195 substitutions.
Reduced LP has 196 rows, 114 columns, and 877 nonzeros.
Presolve time = 0.00 sec. (2.27 ticks)

Iteration log . . .
Iteration:     1    Scaled infeas =          3139.859815
Switched to devex.
Iteration:    68    Scaled infeas =             0.079342
Iteration:    73    Objective     =            52.931465

Dual simplex solved model.


Log for 'C:\Users\craig\AppData\Local\Temp\8db4ba93a5bd45a686d0e333346ec990-pulp.lp' Clone_2 (V12.10.0.0) Thu Jan 21 10:03:52 2021


Log for 'C:\Users\craig\AppData\Local\Temp\8db4ba93a5bd45a686d0e333346ec990-pulp.lp' Clone_2 (V12.10.0.0) Thu Jan 21 10:04:48 2021

Tried aggregator 1 time.
LP Presolve eliminated 3509 rows and 2378 columns.
Aggregator did 200 substitutions.
Reduced LP has 161 rows, 95 columns, and 682 nonzeros.
Presolve time = 0.02 sec. (2.20 ticks)

Iteration log . . .
Iteration:     1    Scaled infeas =          1575.514009
Switched to devex.
Iteration:    69    Objective     =            43.788345

Dual simplex solved model.


Log for 'C:\Users\craig\AppData\Local\Temp\3588c3355ad546948e2039da3a766ac7-pulp.lp' Clone_2 (V12.10.0.0) Thu Jan 21 10:14:14 2021


Log for 'C:\Users\craig\AppData\Local\Temp\c1e72f6c7c4b483bb086de4ad1f1f6db-pulp.lp' Clone_2 (V12.10.0.0) Thu Jan 21 10:14:23 2021


Log for 'C:\Users\craig\AppData\Local\Temp\c1e72f6c7c4b483bb086de4ad1f1f6db-pulp.lp' Clone_2 (V12.10.0.0) Thu Jan 21 10:14:42 2021

Tried aggregator 1 time.
LP Presolve eliminated 3464 rows and 2337 columns.
Aggregator did 195 substitutions.
Reduced LP has 196 rows, 114 columns, and 877 nonzeros.
Presolve time = 0.00 sec. (2.27 ticks)

Iteration log . . .
Iteration:     1    Scaled infeas =          3139.859815
Switched to devex.
Iteration:    68    Scaled infeas =             0.079342
Iteration:    73    Objective     =            52.931465

Dual simplex solved model.


Log for 'C:\Users\craig\AppData\Local\Temp\9cc62f557d0246de80bb52f6c4649b2a-pulp.lp' Clone_2 (V12.10.0.0) Thu Jan 21 10:14:47 2021


Log for 'C:\Users\craig\AppData\Local\Temp\9cc62f557d0246de80bb52f6c4649b2a-pulp.lp' Clone_2 (V12.10.0.0) Thu Jan 21 10:15:42 2021

Tried aggregator 1 time.
LP Presolve eliminated 3509 rows and 2378 columns.
Aggregator did 200 substitutions.
Reduced LP has 161 rows, 95 columns, and 682 nonzeros.
Presolve time = 0.00 sec. (2.20 ticks)

Iteration log . . .
Iteration:     1    Scaled infeas =          1575.514009
Switched to devex.
Iteration:    69    Objective     =            43.788345

Dual simplex solved model.


Log for 'C:\Users\craig\AppData\Local\Temp\47603c9a1eb742c685ce95396efb6c4f-pulp.lp' Clone_2 (V12.10.0.0) Thu Jan 21 10:17:19 2021


Log for 'C:\Users\craig\AppData\Local\Temp\9506e381629a485da504ed50212351d7-pulp.lp' Clone_2 (V12.10.0.0) Thu Jan 21 10:17:27 2021


Log for 'C:\Users\craig\AppData\Local\Temp\9506e381629a485da504ed50212351d7-pulp.lp' Clone_2 (V12.10.0.0) Thu Jan 21 10:17:48 2021

Tried aggregator 1 time.
LP Presolve eliminated 3464 rows and 2337 columns.
Aggregator did 195 substitutions.
Reduced LP has 196 rows, 114 columns, and 877 nonzeros.
Presolve time = 0.02 sec. (2.27 ticks)

Iteration log . . .
Iteration:     1    Scaled infeas =          3139.859815
Switched to devex.
Iteration:    68    Scaled infeas =             0.079342
Iteration:    73    Objective     =            52.931465

Dual simplex solved model.


Log for 'C:\Users\craig\AppData\Local\Temp\5ef8bd746d484f27b872dec9ed665df8-pulp.lp' Clone_2 (V12.10.0.0) Thu Jan 21 10:17:52 2021


Log for 'C:\Users\craig\AppData\Local\Temp\5ef8bd746d484f27b872dec9ed665df8-pulp.lp' Clone_2 (V12.10.0.0) Thu Jan 21 10:18:48 2021

Tried aggregator 1 time.
LP Presolve eliminated 3509 rows and 2378 columns.
Aggregator did 200 substitutions.
Reduced LP has 161 rows, 95 columns, and 682 nonzeros.
Presolve time = 0.00 sec. (2.20 ticks)

Iteration log . . .
Iteration:     1    Scaled infeas =          1575.514009
Switched to devex.
Iteration:    69    Objective     =            43.788345

Dual simplex solved model.


Log for 'C:\Users\craig\AppData\Local\Temp\ec1385c540924259b31907f0e2e9faa8-pulp.lp' Clone_2 (V12.10.0.0) Thu Jan 21 10:26:39 2021


Log for 'C:\Users\craig\AppData\Local\Temp\75833878dbca4b3582aae12b42315c98-pulp.lp' Clone_2 (V12.10.0.0) Thu Jan 21 10:26:49 2021


Log for 'C:\Users\craig\AppData\Local\Temp\75833878dbca4b3582aae12b42315c98-pulp.lp' Clone_2 (V12.10.0.0) Thu Jan 21 10:27:15 2021

Tried aggregator 1 time.
LP Presolve eliminated 3464 rows and 2337 columns.
Aggregator did 195 substitutions.
Reduced LP has 196 rows, 114 columns, and 877 nonzeros.
Presolve time = 0.00 sec. (2.27 ticks)

Iteration log . . .
Iteration:     1    Scaled infeas =          3139.859815
Switched to devex.
Iteration:    68    Scaled infeas =             0.079342
Iteration:    73    Objective     =            52.931465

Dual simplex solved model.


Log for 'C:\Users\craig\AppData\Local\Temp\12873bdf342047fba3d07ac76c43ee2d-pulp.lp' Clone_2 (V12.10.0.0) Thu Jan 21 10:27:20 2021


Log for 'C:\Users\craig\AppData\Local\Temp\12873bdf342047fba3d07ac76c43ee2d-pulp.lp' Clone_2 (V12.10.0.0) Thu Jan 21 10:28:24 2021

Tried aggregator 1 time.
LP Presolve eliminated 3509 rows and 2378 columns.
Aggregator did 200 substitutions.
Reduced LP has 161 rows, 95 columns, and 682 nonzeros.
Presolve time = 0.02 sec. (2.20 ticks)

Iteration log . . .
Iteration:     1    Scaled infeas =          1575.514009
Switched to devex.
Iteration:    69    Objective     =            43.788345

Dual simplex solved model.


Log for 'C:\Users\craig\AppData\Local\Temp\ce89b4b9e839471aa010f3c30ebf423a-pulp.lp' Clone_2 (V12.10.0.0) Thu Jan 21 21:11:26 2021


Log for 'C:\Users\craig\AppData\Local\Temp\374a51f6a7564381a9758a5089680df4-pulp.lp' Clone_2 (V12.10.0.0) Thu Jan 21 21:11:36 2021


Log for 'C:\Users\craig\AppData\Local\Temp\374a51f6a7564381a9758a5089680df4-pulp.lp' Clone_2 (V12.10.0.0) Thu Jan 21 21:11:59 2021

Tried aggregator 1 time.
LP Presolve eliminated 3464 rows and 2337 columns.
Aggregator did 195 substitutions.
Reduced LP has 196 rows, 114 columns, and 877 nonzeros.
Presolve time = 0.00 sec. (2.27 ticks)

Iteration log . . .
Iteration:     1    Scaled infeas =          3139.859815
Switched to devex.
Iteration:    68    Scaled infeas =             0.079342
Iteration:    73    Objective     =            52.931465

Dual simplex solved model.


Log for 'C:\Users\craig\AppData\Local\Temp\03934045ae8a4b5d9966d6dc5ca9f46d-pulp.lp' Clone_2 (V12.10.0.0) Thu Jan 21 21:12:03 2021


Log for 'C:\Users\craig\AppData\Local\Temp\03934045ae8a4b5d9966d6dc5ca9f46d-pulp.lp' Clone_2 (V12.10.0.0) Thu Jan 21 21:12:58 2021

Tried aggregator 1 time.
LP Presolve eliminated 3509 rows and 2378 columns.
Aggregator did 200 substitutions.
Reduced LP has 161 rows, 95 columns, and 682 nonzeros.
Presolve time = 0.00 sec. (2.20 ticks)

Iteration log . . .
Iteration:     1    Scaled infeas =          1575.514009
Switched to devex.
Iteration:    69    Objective     =            43.788345

Dual simplex solved model.


Log for 'C:\Users\craig\AppData\Local\Temp\e87af020bbf2461cbb71734b9dcda890-pulp.lp' Clone_2 (V12.10.0.0) Fri Jan 22 20:53:13 2021


Log for 'C:\Users\craig\AppData\Local\Temp\e87af020bbf2461cbb71734b9dcda890-pulp.lp' Clone_2 (V12.10.0.0) Fri Jan 22 20:58:12 2021

Tried aggregator 1 time.
LP Presolve eliminated 2091 rows and 636 columns.
Aggregator did 72 substitutions.
Reduced LP has 1674 rows, 1128 columns, and 4230 nonzeros.
Presolve time = 0.00 sec. (3.28 ticks)

Iteration log . . .
Iteration:     1    Scaled infeas =        113967.520829
Iteration:   284    Scaled infeas =          7063.792675
Switched to devex.
Iteration:   471    Scaled infeas =          3954.050809
Iteration:   671    Scaled infeas =          1768.629226
Iteration:   824    Scaled infeas =          1143.962338
Iteration:   974    Scaled infeas =           339.417677
Iteration:  1118    Scaled infeas =             8.776748
Iteration:  1124    Objective     =          1310.616274
Iteration:  1243    Objective     =          1106.555165
Iteration:  1382    Objective     =           866.779107
Iteration:  1508    Objective     =           621.743577
Switched to steepest-edge.
Iteration:  1635    Objective     =           500.832701
Iteration:  1717    Objective     =           462.880200
Iteration:  1814    Objective     =           403.527882
Iteration:  1906    Objective     =           384.361749
Iteration:  1993    Objective     =           310.916963

Dual simplex solved model.


Log for 'C:\Users\craig\AppData\Local\Temp\fc0428b0158d4c7dbf5f99609a409237-pulp.lp' Clone_2 (V12.10.0.0) Fri Jan 22 21:15:16 2021


Log for 'C:\Users\craig\AppData\Local\Temp\fc0428b0158d4c7dbf5f99609a409237-pulp.lp' Clone_2 (V12.10.0.0) Fri Jan 22 21:19:43 2021

Tried aggregator 1 time.
LP Presolve eliminated 2091 rows and 636 columns.
Aggregator did 72 substitutions.
Reduced LP has 1674 rows, 1128 columns, and 4230 nonzeros.
Presolve time = 0.00 sec. (3.28 ticks)

Iteration log . . .
Iteration:     1    Scaled infeas =        113967.520829
Iteration:   284    Scaled infeas =          7063.792675
Switched to devex.
Iteration:   471    Scaled infeas =          3954.050809
Iteration:   671    Scaled infeas =          1768.629226
Iteration:   824    Scaled infeas =          1143.962338
Iteration:   974    Scaled infeas =           339.417677
Iteration:  1118    Scaled infeas =             8.776748
Iteration:  1124    Objective     =          1310.616274
Iteration:  1243    Objective     =          1106.555165
Iteration:  1382    Objective     =           866.779107
Iteration:  1508    Objective     =           621.743577
Switched to steepest-edge.
Iteration:  1635    Objective     =           500.832701
Iteration:  1717    Objective     =           462.880200
Iteration:  1814    Objective     =           403.527882
Iteration:  1906    Objective     =           384.361749

Dual simplex solved model.


Log for 'C:\Users\craig\AppData\Local\Temp\6e02195e84c14da6a5849d7358f0d4ff-pulp.lp' Clone_2 (V12.10.0.0) Fri Jan 22 22:43:04 2021


Log for 'C:\Users\craig\AppData\Local\Temp\6e02195e84c14da6a5849d7358f0d4ff-pulp.lp' Clone_2 (V12.10.0.0) Fri Jan 22 22:49:14 2021

Tried aggregator 1 time.
LP Presolve eliminated 2091 rows and 636 columns.
Aggregator did 72 substitutions.
Reduced LP has 1674 rows, 1128 columns, and 4230 nonzeros.
Presolve time = 0.02 sec. (3.28 ticks)

Iteration log . . .
Iteration:     1    Scaled infeas =        113967.520829
Iteration:   284    Scaled infeas =          7063.792675
Switched to devex.
Iteration:   471    Scaled infeas =          3954.050809
Iteration:   671    Scaled infeas =          1768.629226
Iteration:   824    Scaled infeas =          1143.962338
Iteration:   974    Scaled infeas =           339.417677
Iteration:  1118    Scaled infeas =             8.776748
Iteration:  1124    Objective     =          1310.616274
Iteration:  1243    Objective     =          1106.555165
Iteration:  1382    Objective     =           866.779107
Iteration:  1508    Objective     =           621.743577
Switched to steepest-edge.
Iteration:  1635    Objective     =           500.832701
Iteration:  1717    Objective     =           462.880200
Iteration:  1814    Objective     =           403.527882
Iteration:  1906    Objective     =           384.361749
Iteration:  1993    Objective     =           310.916963
Iteration:  2070    Objective     =           274.407293

Dual simplex solved model.


Log for 'C:\Users\craig\AppData\Local\Temp\3d6fd0494ed74e3a8f0687f704f80a0d-pulp.lp' Clone_2 (V12.10.0.0) Fri Jan 22 22:49:18 2021


Log for 'C:\Users\craig\AppData\Local\Temp\dfb2a74ec12c44e28ff4f74997b68b85-pulp.lp' Clone_2 (V12.10.0.0) Fri Jan 22 22:49:34 2021


Log for 'C:\Users\craig\AppData\Local\Temp\dfb2a74ec12c44e28ff4f74997b68b85-pulp.lp' Clone_2 (V12.10.0.0) Fri Jan 22 22:50:12 2021

Tried aggregator 1 time.
LP Presolve eliminated 3464 rows and 2337 columns.
Aggregator did 195 substitutions.
Reduced LP has 196 rows, 114 columns, and 877 nonzeros.
Presolve time = 0.02 sec. (2.27 ticks)

Iteration log . . .
Iteration:     1    Scaled infeas =          3139.859815
Switched to devex.
Iteration:    68    Scaled infeas =             0.079342
Iteration:    73    Objective     =            52.931465

Dual simplex solved model.


Log for 'C:\Users\craig\AppData\Local\Temp\786c5ee54c9e451794716ff3e6aa8844-pulp.lp' Clone_2 (V12.10.0.0) Fri Jan 22 22:50:19 2021


Log for 'C:\Users\craig\AppData\Local\Temp\786c5ee54c9e451794716ff3e6aa8844-pulp.lp' Clone_2 (V12.10.0.0) Fri Jan 22 22:51:51 2021

Tried aggregator 1 time.
LP Presolve eliminated 3509 rows and 2378 columns.
Aggregator did 200 substitutions.
Reduced LP has 161 rows, 95 columns, and 682 nonzeros.
Presolve time = 0.02 sec. (2.20 ticks)

Iteration log . . .
Iteration:     1    Scaled infeas =          1575.514009
Switched to devex.
Iteration:    69    Objective     =            43.788345

Dual simplex solved model.


Log for 'C:\Users\craig\AppData\Local\Temp\aad63b19380540b282b34459721b0f64-pulp.lp' Clone_2 (V12.10.0.0) Fri Jan 22 22:51:54 2021


Log for 'C:\Users\craig\AppData\Local\Temp\1d15fac6c51749b7bd55c74a26a8fcf5-pulp.lp' Clone_2 (V12.10.0.0) Fri Jan 22 22:51:59 2021


Log for 'C:\Users\craig\AppData\Local\Temp\1d15fac6c51749b7bd55c74a26a8fcf5-pulp.lp' Clone_2 (V12.10.0.0) Fri Jan 22 22:53:24 2021

Tried aggregator 1 time.
LP Presolve eliminated 4378 rows and 2328 columns.
Aggregator did 144 substitutions.
Reduced LP has 130 rows, 168 columns, and 722 nonzeros.
Presolve time = 0.02 sec. (2.50 ticks)

Iteration log . . .
Iteration:     1    Scaled infeas =           193.222966
Iteration:    75    Scaled infeas =             4.302592
Switched to devex.
Iteration:    80    Objective     =             7.047234

Dual simplex solved model.


Log for 'C:\Users\craig\AppData\Local\Temp\bee1c13705f94d5dbdefbb9476796cf1-pulp.lp' Clone_2 (V12.10.0.0) Sat Jan 23 19:23:07 2021


Log for 'C:\Users\craig\AppData\Local\Temp\bee1c13705f94d5dbdefbb9476796cf1-pulp.lp' Clone_2 (V12.10.0.0) Sat Jan 23 19:28:57 2021

Tried aggregator 1 time.
LP Presolve eliminated 2091 rows and 636 columns.
Aggregator did 72 substitutions.
Reduced LP has 1674 rows, 1128 columns, and 4230 nonzeros.
Presolve time = 0.02 sec. (3.28 ticks)

Iteration log . . .
Iteration:     1    Scaled infeas =        113967.520829
Iteration:   284    Scaled infeas =          7063.792675
Switched to devex.
Iteration:   471    Scaled infeas =          3954.050809
Iteration:   671    Scaled infeas =          1768.629226
Iteration:   824    Scaled infeas =          1143.962338
Iteration:   974    Scaled infeas =           339.417677
Iteration:  1118    Scaled infeas =             8.776748
Iteration:  1124    Objective     =          1310.616274
Iteration:  1243    Objective     =          1106.555165
Iteration:  1382    Objective     =           866.779107
Iteration:  1508    Objective     =           621.743577
Switched to steepest-edge.
Iteration:  1635    Objective     =           500.832701
Iteration:  1717    Objective     =           462.880200
Iteration:  1814    Objective     =           403.527882
Iteration:  1906    Objective     =           384.361749
Iteration:  1993    Objective     =           310.916963
Iteration:  2070    Objective     =           274.407293
Iteration:  2166    Objective     =           134.744230

Dual simplex solved model.


Log for 'C:\Users\craig\AppData\Local\Temp\3574601a7d0f40a19ebb68c8823c2e1d-pulp.lp' Clone_2 (V12.10.0.0) Sat Jan 23 19:29:00 2021


Log for 'C:\Users\craig\AppData\Local\Temp\53dd04b083b14713bbeafb277813cfee-pulp.lp' Clone_2 (V12.10.0.0) Sat Jan 23 19:29:12 2021


Log for 'C:\Users\craig\AppData\Local\Temp\53dd04b083b14713bbeafb277813cfee-pulp.lp' Clone_2 (V12.10.0.0) Sat Jan 23 19:29:38 2021

Tried aggregator 1 time.
LP Presolve eliminated 3464 rows and 2337 columns.
Aggregator did 195 substitutions.
Reduced LP has 196 rows, 114 columns, and 877 nonzeros.
Presolve time = 0.02 sec. (2.27 ticks)

Iteration log . . .
Iteration:     1    Scaled infeas =          3139.859815
Switched to devex.
Iteration:    68    Scaled infeas =             0.079342
Iteration:    73    Objective     =            52.931465

Dual simplex solved model.


Log for 'C:\Users\craig\AppData\Local\Temp\8caa192e959f4731a1722a7b5da3d6c4-pulp.lp' Clone_2 (V12.10.0.0) Sat Jan 23 19:29:44 2021


Log for 'C:\Users\craig\AppData\Local\Temp\8caa192e959f4731a1722a7b5da3d6c4-pulp.lp' Clone_2 (V12.10.0.0) Sat Jan 23 19:31:01 2021

Tried aggregator 1 time.
LP Presolve eliminated 3509 rows and 2378 columns.
Aggregator did 200 substitutions.
Reduced LP has 161 rows, 95 columns, and 682 nonzeros.
Presolve time = 0.00 sec. (2.20 ticks)

Iteration log . . .
Iteration:     1    Scaled infeas =          1575.514009
Switched to devex.
Iteration:    69    Objective     =            43.788345

Dual simplex solved model.


Log for 'C:\Users\craig\AppData\Local\Temp\9e68825e08c94101bd3b82e397ce020a-pulp.lp' Clone_2 (V12.10.0.0) Sat Jan 23 19:31:04 2021


Log for 'C:\Users\craig\AppData\Local\Temp\809be054a6d84adea4063a9bac857922-pulp.lp' Clone_2 (V12.10.0.0) Sat Jan 23 19:31:09 2021


Log for 'C:\Users\craig\AppData\Local\Temp\809be054a6d84adea4063a9bac857922-pulp.lp' Clone_2 (V12.10.0.0) Sat Jan 23 19:32:32 2021

Tried aggregator 1 time.
LP Presolve eliminated 4378 rows and 2328 columns.
Aggregator did 144 substitutions.
Reduced LP has 130 rows, 168 columns, and 722 nonzeros.
Presolve time = 0.00 sec. (2.50 ticks)

Iteration log . . .
Iteration:     1    Scaled infeas =           193.222966
Iteration:    75    Scaled infeas =             4.302592
Switched to devex.
Iteration:    80    Objective     =             7.047234

Dual simplex solved model.


Log for 'C:\Users\craig\AppData\Local\Temp\3d7f7e59c113499683a160b8aadf6a7f-pulp.lp' Clone_2 (V12.10.0.0) Sat Jan 23 20:54:05 2021


Log for 'C:\Users\craig\AppData\Local\Temp\3d7f7e59c113499683a160b8aadf6a7f-pulp.lp' Clone_2 (V12.10.0.0) Sat Jan 23 23:07:49 2021

Tried aggregator 1 time.
LP Presolve eliminated 2091 rows and 636 columns.
Aggregator did 72 substitutions.
Reduced LP has 1674 rows, 1128 columns, and 4230 nonzeros.
Presolve time = 0.00 sec. (3.28 ticks)

Iteration log . . .
Iteration:     1    Scaled infeas =        113967.520829
Iteration:   284    Scaled infeas =          7063.792675
Switched to devex.
Iteration:   471    Scaled infeas =          3954.050809
Iteration:   671    Scaled infeas =          1768.629226
Iteration:   824    Scaled infeas =          1143.962338
Iteration:   974    Scaled infeas =           339.417677
Iteration:  1118    Scaled infeas =             8.776748
Iteration:  1124    Objective     =          1310.616274
Iteration:  1243    Objective     =          1106.555165
Iteration:  1382    Objective     =           866.779107
Iteration:  1508    Objective     =           621.743577
Switched to steepest-edge.
Iteration:  1635    Objective     =           500.832701
Iteration:  1717    Objective     =           462.880200
Iteration:  1814    Objective     =           403.527882
Iteration:  1906    Objective     =           384.361749
Iteration:  1993    Objective     =           310.916963
Iteration:  2070    Objective     =           274.407293

Dual simplex solved model.


Log for 'C:\Users\craig\AppData\Local\Temp\fcc7bf2329f74e978a3befeda15fefc4-pulp.lp' Clone_2 (V12.10.0.0) Sat Jan 23 23:07:51 2021


Log for 'C:\Users\craig\AppData\Local\Temp\e33a6d1a51c04770acfd3d2fb7ad235d-pulp.lp' Clone_2 (V12.10.0.0) Sat Jan 23 23:08:01 2021


Log for 'C:\Users\craig\AppData\Local\Temp\e33a6d1a51c04770acfd3d2fb7ad235d-pulp.lp' Clone_2 (V12.10.0.0) Sat Jan 23 23:08:20 2021

Tried aggregator 1 time.
LP Presolve eliminated 3464 rows and 2337 columns.
Aggregator did 195 substitutions.
Reduced LP has 196 rows, 114 columns, and 877 nonzeros.
Presolve time = 0.00 sec. (2.27 ticks)

Iteration log . . .
Iteration:     1    Scaled infeas =          3139.859815
Switched to devex.
Iteration:    68    Scaled infeas =             0.079342
Iteration:    73    Objective     =            52.931465

Dual simplex solved model.


Log for 'C:\Users\craig\AppData\Local\Temp\0573056158ae4e739a35d4933b2f0962-pulp.lp' Clone_2 (V12.10.0.0) Sat Jan 23 23:08:25 2021


Log for 'C:\Users\craig\AppData\Local\Temp\0573056158ae4e739a35d4933b2f0962-pulp.lp' Clone_2 (V12.10.0.0) Sat Jan 23 23:09:20 2021

Tried aggregator 1 time.
LP Presolve eliminated 3509 rows and 2378 columns.
Aggregator did 200 substitutions.
Reduced LP has 161 rows, 95 columns, and 682 nonzeros.
Presolve time = 0.02 sec. (2.20 ticks)

Iteration log . . .
Iteration:     1    Scaled infeas =          1575.514009
Switched to devex.
Iteration:    69    Objective     =            43.788345

Dual simplex solved model.


Log for 'C:\Users\craig\AppData\Local\Temp\ed87f5ce8c6f4bb3a188a16d4cfbf25e-pulp.lp' Clone_2 (V12.10.0.0) Sat Jan 23 23:09:22 2021


Log for 'C:\Users\craig\AppData\Local\Temp\c5373cd7dc01457ba45812b17595dafb-pulp.lp' Clone_2 (V12.10.0.0) Sat Jan 23 23:09:25 2021


Log for 'C:\Users\craig\AppData\Local\Temp\c5373cd7dc01457ba45812b17595dafb-pulp.lp' Clone_2 (V12.10.0.0) Sat Jan 23 23:10:28 2021

Tried aggregator 1 time.
LP Presolve eliminated 4378 rows and 2328 columns.
Aggregator did 144 substitutions.
Reduced LP has 130 rows, 168 columns, and 722 nonzeros.
Presolve time = 0.02 sec. (2.50 ticks)

Iteration log . . .
Iteration:     1    Scaled infeas =           193.222966
Iteration:    75    Scaled infeas =             4.302592
Switched to devex.
Iteration:    80    Objective     =             7.047234

Dual simplex solved model.


Log for 'C:\Users\craig\AppData\Local\Temp\2173705e3ceb4f94a60299c4e4204280-pulp.lp' Clone_2 (V12.10.0.0) Mon Jan 25 12:35:52 2021


Log for 'C:\Users\craig\AppData\Local\Temp\2173705e3ceb4f94a60299c4e4204280-pulp.lp' Clone_2 (V12.10.0.0) Mon Jan 25 12:40:33 2021

Tried aggregator 1 time.
LP Presolve eliminated 2091 rows and 636 columns.
Aggregator did 72 substitutions.
Reduced LP has 1674 rows, 1128 columns, and 4230 nonzeros.
Presolve time = 0.02 sec. (3.28 ticks)

Iteration log . . .
Iteration:     1    Scaled infeas =        113967.520829
Iteration:   284    Scaled infeas =          7063.792675
Switched to devex.
Iteration:   471    Scaled infeas =          3954.050809
Iteration:   671    Scaled infeas =          1768.629226
Iteration:   824    Scaled infeas =          1143.962338
Iteration:   974    Scaled infeas =           339.417677
Iteration:  1118    Scaled infeas =             8.776748
Iteration:  1124    Objective     =          1310.616274
Iteration:  1243    Objective     =          1106.555165
Iteration:  1382    Objective     =           866.779107
Iteration:  1508    Objective     =           621.743577
Switched to steepest-edge.
Iteration:  1635    Objective     =           500.832701
Iteration:  1717    Objective     =           462.880200
Iteration:  1814    Objective     =           403.527882
Iteration:  1906    Objective     =           384.361749
Iteration:  1993    Objective     =           310.916963
Iteration:  2070    Objective     =           274.407293

Dual simplex solved model.


Log for 'C:\Users\craig\AppData\Local\Temp\eb4a81416727448ebc05011bb4983d86-pulp.lp' Clone_2 (V12.10.0.0) Mon Jan 25 12:40:37 2021


Log for 'C:\Users\craig\AppData\Local\Temp\02f6db3944de46cdae35bbeb31e55327-pulp.lp' Clone_2 (V12.10.0.0) Mon Jan 25 12:40:50 2021


Log for 'C:\Users\craig\AppData\Local\Temp\02f6db3944de46cdae35bbeb31e55327-pulp.lp' Clone_2 (V12.10.0.0) Mon Jan 25 12:41:12 2021

Tried aggregator 1 time.
LP Presolve eliminated 3464 rows and 2337 columns.
Aggregator did 195 substitutions.
Reduced LP has 196 rows, 114 columns, and 877 nonzeros.
Presolve time = 0.02 sec. (2.27 ticks)

Iteration log . . .
Iteration:     1    Scaled infeas =          3139.859815
Switched to devex.
Iteration:    68    Scaled infeas =             0.079342
Iteration:    73    Objective     =            52.931465

Dual simplex solved model.


Log for 'C:\Users\craig\AppData\Local\Temp\f127bc7207f9473a862e6b0a9bfa0d62-pulp.lp' Clone_2 (V12.10.0.0) Mon Jan 25 12:41:16 2021


Log for 'C:\Users\craig\AppData\Local\Temp\f127bc7207f9473a862e6b0a9bfa0d62-pulp.lp' Clone_2 (V12.10.0.0) Mon Jan 25 12:42:11 2021

Tried aggregator 1 time.
LP Presolve eliminated 3509 rows and 2378 columns.
Aggregator did 200 substitutions.
Reduced LP has 161 rows, 95 columns, and 682 nonzeros.
Presolve time = 0.02 sec. (2.20 ticks)

Iteration log . . .
Iteration:     1    Scaled infeas =          1575.514009
Switched to devex.
Iteration:    69    Objective     =            43.788345

Dual simplex solved model.


Log for 'C:\Users\craig\AppData\Local\Temp\3527eac1b75d4c9da62acf4f6f1d9234-pulp.lp' Clone_2 (V12.10.0.0) Mon Jan 25 12:42:13 2021


Log for 'C:\Users\craig\AppData\Local\Temp\45d94359e6ed4d2d8e84c22436b1f778-pulp.lp' Clone_2 (V12.10.0.0) Mon Jan 25 12:42:16 2021


Log for 'C:\Users\craig\AppData\Local\Temp\45d94359e6ed4d2d8e84c22436b1f778-pulp.lp' Clone_2 (V12.10.0.0) Mon Jan 25 12:43:13 2021

Tried aggregator 1 time.
LP Presolve eliminated 4378 rows and 2328 columns.
Aggregator did 144 substitutions.
Reduced LP has 130 rows, 168 columns, and 722 nonzeros.
Presolve time = 0.00 sec. (2.50 ticks)

Iteration log . . .
Iteration:     1    Scaled infeas =           193.222966
Iteration:    75    Scaled infeas =             4.302592
Switched to devex.
Iteration:    80    Objective     =             7.047234

Dual simplex solved model.


Log for 'C:\Users\craig\AppData\Local\Temp\127622bcd01d45509dc2da7f153cf830-pulp.lp' Clone_2 (V12.10.0.0) Fri Jan 29 12:57:38 2021


Log for 'C:\Users\craig\AppData\Local\Temp\127622bcd01d45509dc2da7f153cf830-pulp.lp' Clone_2 (V12.10.0.0) Fri Jan 29 12:57:41 2021

Tried aggregator 1 time.
LP Presolve eliminated 2091 rows and 636 columns.
Aggregator did 72 substitutions.
Reduced LP has 1674 rows, 1128 columns, and 4230 nonzeros.
Presolve time = 0.02 sec. (3.23 ticks)

Iteration log . . .
Iteration:     1    Scaled infeas =        112366.520829
Iteration:   296    Scaled infeas =          7568.755944
Switched to devex.
Iteration:   478    Scaled infeas =          4336.866942
Iteration:   676    Scaled infeas =          1720.478610
Iteration:   821    Scaled infeas =          1457.527053
Iteration:   966    Scaled infeas =           409.598756
Iteration:  1111    Objective     =          1362.505722
Iteration:  1250    Objective     =          1027.231271
Iteration:  1387    Objective     =           805.674779
Switched to steepest-edge.
Iteration:  1505    Objective     =           644.937825
Iteration:  1597    Objective     =           510.846268
Iteration:  1685    Objective     =           474.798884
Iteration:  1772    Objective     =           455.325935
Iteration:  1862    Objective     =           392.824380
Iteration:  1946    Objective     =           318.270285
Iteration:  2025    Objective     =           200.460505
Iteration:  2124    Objective     =            46.565234
Iteration:  2199    Objective     =             0.320389

Dual simplex solved model.


Log for 'C:\Users\craig\AppData\Local\Temp\6427a40510a54a80ab10e4d568bd1cc6-pulp.lp' Clone_2 (V12.10.0.0) Fri Jan 29 12:58:31 2021

Tried aggregator 1 time.
LP Presolve eliminated 2091 rows and 636 columns.
Aggregator did 72 substitutions.
Reduced LP has 1674 rows, 1128 columns, and 4230 nonzeros.
Presolve time = 0.01 sec. (3.23 ticks)

Iteration log . . .
Iteration:     1    Scaled infeas =        112000.520829
Iteration:   293    Scaled infeas =          7292.051083
Switched to devex.
Iteration:   475    Scaled infeas =          4401.259042
Iteration:   683    Scaled infeas =          1780.985878
Iteration:   845    Scaled infeas =          1357.172710
Iteration:  1000    Scaled infeas =           320.970833
Iteration:  1138    Scaled infeas =            81.483628
Iteration:  1198    Objective     =          1228.818335
Iteration:  1345    Objective     =           943.526082
Switched to steepest-edge.
Iteration:  1474    Objective     =           803.094931
Iteration:  1557    Objective     =           661.798776
Iteration:  1650    Objective     =           505.910104
Iteration:  1747    Objective     =           476.157633
Iteration:  1836    Objective     =           463.431716
Iteration:  1924    Objective     =           432.308673
Iteration:  1997    Objective     =           336.083898
Iteration:  2081    Objective     =           261.597269
Iteration:  2164    Objective     =           155.694762
Iteration:  2237    Objective     =           124.178154
Iteration:  2332    Objective     =             0.361123

Dual simplex solved model.


Log for 'C:\Users\craig\AppData\Local\Temp\b7c94f1967184bb2b56c03a3112cdcd2-pulp.lp' Clone_2 (V12.10.0.0) Fri Jan 29 12:58:55 2021


Log for 'C:\Users\craig\AppData\Local\Temp\b7c94f1967184bb2b56c03a3112cdcd2-pulp.lp' Clone_2 (V12.10.0.0) Fri Jan 29 13:01:33 2021

Tried aggregator 1 time.
LP Presolve eliminated 2091 rows and 636 columns.
Aggregator did 72 substitutions.
Reduced LP has 1674 rows, 1128 columns, and 4230 nonzeros.
Presolve time = 0.00 sec. (3.28 ticks)

Iteration log . . .
Iteration:     1    Scaled infeas =        113967.520829
Iteration:   284    Scaled infeas =          7063.792675
Switched to devex.
Iteration:   471    Scaled infeas =          3954.050809
Iteration:   671    Scaled infeas =          1768.629226
Iteration:   824    Scaled infeas =          1143.962338
Iteration:   974    Scaled infeas =           339.417677
Iteration:  1118    Scaled infeas =             8.776748
Iteration:  1124    Objective     =          1310.616274
Iteration:  1243    Objective     =          1106.555165
Iteration:  1382    Objective     =           866.779107
Iteration:  1508    Objective     =           621.743577
Switched to steepest-edge.
Iteration:  1635    Objective     =           500.832701
Iteration:  1717    Objective     =           462.880200
Iteration:  1814    Objective     =           403.527882
Iteration:  1906    Objective     =           384.361749
Iteration:  1993    Objective     =           310.916963
Iteration:  2070    Objective     =           274.407293
Iteration:  2166    Objective     =           134.744230

Dual simplex solved model.


Log for 'C:\Users\craig\AppData\Local\Temp\4930f46cbebc47db9c658d72105cf1db-pulp.lp' Clone_2 (V12.10.0.0) Sat Jan 30 14:12:06 2021


Log for 'C:\Users\craig\AppData\Local\Temp\4930f46cbebc47db9c658d72105cf1db-pulp.lp' Clone_2 (V12.10.0.0) Sat Jan 30 14:12:10 2021

Tried aggregator 1 time.
LP Presolve eliminated 2091 rows and 636 columns.
Aggregator did 72 substitutions.
Reduced LP has 1674 rows, 1128 columns, and 4230 nonzeros.
Presolve time = 0.00 sec. (3.23 ticks)

Iteration log . . .
Iteration:     1    Scaled infeas =        112366.520829
Iteration:   296    Scaled infeas =          7568.755944
Switched to devex.
Iteration:   478    Scaled infeas =          4336.866942
Iteration:   676    Scaled infeas =          1720.478610
Iteration:   821    Scaled infeas =          1457.527053
Iteration:   966    Scaled infeas =           409.598756
Iteration:  1111    Objective     =          1362.505722
Iteration:  1250    Objective     =          1027.231271
Iteration:  1387    Objective     =           805.674779
Switched to steepest-edge.
Iteration:  1505    Objective     =           644.937825
Iteration:  1597    Objective     =           510.846268
Iteration:  1685    Objective     =           474.798884
Iteration:  1772    Objective     =           455.325935
Iteration:  1862    Objective     =           392.824380
Iteration:  1946    Objective     =           318.270285
Iteration:  2025    Objective     =           200.460505
Iteration:  2124    Objective     =            46.565234
Iteration:  2199    Objective     =             0.320389
Advanced basis not built.

Dual simplex solved model.


Log for 'C:\Users\craig\AppData\Local\Temp\1abfd63ab0234266a1fa85276d347455-pulp.lp' Clone_2 (V12.10.0.0) Wed Feb 10 19:35:17 2021

Tried aggregator 1 time.
LP Presolve eliminated 1812 rows and 12 columns.
Aggregator did 90 substitutions.
Reduced LP has 1104 rows, 1098 columns, and 3045 nonzeros.
Presolve time = 0.00 sec. (2.15 ticks)
Symmetry aggregator did 1468 additional substitutions.

Iteration log . . .
Iteration:     1    Scaled infeas =          8848.814775
Iteration:   114    Scaled infeas =           635.749445
Switched to steepest-edge.
Iteration:   219    Scaled infeas =            49.735167
Iteration:   287    Scaled infeas =            15.115831
Iteration:   327    Objective     =           112.091438
Iteration:   388    Objective     =            59.753368
Iteration:   450    Objective     =            38.889359
Iteration:   513    Objective     =             1.069200

Primal crossover.
  Primal:  Fixed no variables.
  Dual:  Fixed no variables.
Switched to steepest-edge.

Dual simplex solved model.


Log for 'C:\Users\craig\AppData\Local\Temp\e5c78092429b426b9f2d874e411cde60-pulp.lp' Clone_2 (V12.10.0.0) Wed Feb 10 19:35:59 2021

Tried aggregator 1 time.
LP Presolve eliminated 1812 rows and 12 columns.
Aggregator did 93 substitutions.
Reduced LP has 1101 rows, 1095 columns, and 3039 nonzeros.
Presolve time = 0.02 sec. (2.15 ticks)
Symmetry aggregator did 1464 additional substitutions.

Iteration log . . .
Iteration:     1    Scaled infeas =         12365.510773
Iteration:   116    Scaled infeas =           979.910126
Switched to steepest-edge.
Iteration:   223    Scaled infeas =           143.161137
Iteration:   285    Scaled infeas =           108.915095
Iteration:   347    Scaled infeas =            54.700777
Iteration:   409    Scaled infeas =            13.474469
Iteration:   471    Scaled infeas =            11.955129
Iteration:   533    Scaled infeas =             0.329581
Iteration:   578    Objective     =             2.880000
Iteration:   639    Objective     =             1.380000
Iteration:   701    Objective     =             0.720102

Primal crossover.
  Primal:  Fixed no variables.
  Dual:  Fixed no variables.
Switched to steepest-edge.

Dual simplex solved model.


Log for 'C:\Users\craig\AppData\Local\Temp\d798d59f16be431c82c36078247fe66e-pulp.lp' Clone_2 (V12.10.0.0) Wed Feb 10 19:40:06 2021

Tried aggregator 1 time.
LP Presolve eliminated 1812 rows and 12 columns.
Aggregator did 93 substitutions.
Reduced LP has 1101 rows, 1095 columns, and 3039 nonzeros.
Presolve time = 0.02 sec. (2.15 ticks)
Symmetry aggregator did 1464 additional substitutions.

Iteration log . . .
Iteration:     1    Scaled infeas =         12367.198273
Iteration:   116    Scaled infeas =           981.222626
Switched to steepest-edge.
Iteration:   223    Scaled infeas =           143.957980
Iteration:   285    Scaled infeas =           109.083995
Iteration:   347    Scaled infeas =            54.699952
Iteration:   409    Scaled infeas =            13.372036
Iteration:   471    Scaled infeas =            11.821333
Iteration:   533    Scaled infeas =             0.151381
Iteration:   555    Objective     =             2.880000
Iteration:   616    Objective     =             1.389684
Iteration:   678    Objective     =             0.451437

Primal crossover.
  Primal:  Fixed no variables.
  Dual:  Fixed no variables.
Switched to steepest-edge.

Dual simplex solved model.


Log for 'C:\Users\craig\AppData\Local\Temp\ac983823468340d6a5b6cddbaceecfe8-pulp.lp' Clone_2 (V12.10.0.0) Wed Feb 10 19:40:32 2021


Log for 'C:\Users\craig\AppData\Local\Temp\ac983823468340d6a5b6cddbaceecfe8-pulp.lp' Clone_2 (V12.10.0.0) Wed Feb 10 19:40:35 2021

Tried aggregator 1 time.
LP Presolve eliminated 2516 rows and 614 columns.
Aggregator did 134 substitutions.
Reduced LP has 1056 rows, 1052 columns, and 3065 nonzeros.
Presolve time = 0.00 sec. (2.93 ticks)

Iteration log . . .
Iteration:     1    Scaled infeas =         26399.026997
Iteration:   204    Scaled infeas =           309.818765
Switched to devex.
Iteration:   365    Scaled infeas =           190.124032
Iteration:   544    Scaled infeas =           117.177716
Iteration:   673    Scaled infeas =            62.623130
Iteration:   826    Scaled infeas =            43.769116
Iteration:   976    Scaled infeas =            21.482747
Iteration:  1101    Scaled infeas =            19.155237
Switched to steepest-edge.
Iteration:  1237    Scaled infeas =            10.843028
Iteration:  1319    Scaled infeas =             9.348879
Iteration:  1422    Scaled infeas =             0.789382
Iteration:  1506    Objective     =             1.932226
Iteration:  1572    Objective     =             1.485083
Iteration:  1634    Objective     =             1.034883
Iteration:  1696    Objective     =             0.819112
Iteration:  1758    Objective     =             0.762818
Iteration:  1835    Objective     =             0.728560

Dual simplex solved model.


Log for 'C:\Users\craig\AppData\Local\Temp\924629a4c2cf466e85ac48d1308691a1-pulp.lp' Clone_2 (V12.10.0.0) Wed Feb 10 19:41:19 2021


Log for 'C:\Users\craig\AppData\Local\Temp\924629a4c2cf466e85ac48d1308691a1-pulp.lp' Clone_2 (V12.10.0.0) Wed Feb 10 19:41:35 2021

Tried aggregator 1 time.
LP Presolve eliminated 7893 rows and 5242 columns.
Aggregator did 286 substitutions.
Reduced LP has 327 rows, 472 columns, and 1333 nonzeros.
Presolve time = 0.02 sec. (4.90 ticks)

Iteration log . . .
Iteration:     1    Scaled infeas =           896.644383
Switched to devex.
Iteration:   101    Scaled infeas =           305.019945
Iteration:   259    Scaled infeas =             0.228425
Iteration:   295    Objective     =             0.777058

Dual simplex solved model.


Log for 'C:\Users\craig\AppData\Local\Temp\b527a2fbde4c4a34b9701b1d38572501-pulp.lp' Clone_2 (V12.10.0.0) Wed Feb 10 19:47:17 2021


Log for 'C:\Users\craig\AppData\Local\Temp\b527a2fbde4c4a34b9701b1d38572501-pulp.lp' Clone_2 (V12.10.0.0) Wed Feb 10 19:52:43 2021

Tried aggregator 1 time.
LP Presolve eliminated 2091 rows and 636 columns.
Aggregator did 72 substitutions.
Reduced LP has 1674 rows, 1128 columns, and 4230 nonzeros.
Presolve time = 0.00 sec. (3.28 ticks)

Iteration log . . .
Iteration:     1    Scaled infeas =        113967.520829
Iteration:   284    Scaled infeas =          7063.792675
Switched to devex.
Iteration:   471    Scaled infeas =          3954.050809
Iteration:   671    Scaled infeas =          1768.629226
Iteration:   824    Scaled infeas =          1143.962338
Iteration:   974    Scaled infeas =           339.417677
Iteration:  1118    Scaled infeas =             8.776748
Iteration:  1124    Objective     =          1310.616274
Iteration:  1243    Objective     =          1106.555165
Iteration:  1382    Objective     =           866.779107
Iteration:  1508    Objective     =           621.743577
Switched to steepest-edge.
Iteration:  1635    Objective     =           500.832701
Iteration:  1717    Objective     =           462.880200
Iteration:  1814    Objective     =           403.527882
Iteration:  1906    Objective     =           384.361749
Iteration:  1993    Objective     =           310.916963
Iteration:  2070    Objective     =           274.407293
Iteration:  2166    Objective     =           134.744230
Iteration:  2248    Objective     =            58.749700
Iteration:  2338    Objective     =             0.307950

Dual simplex solved model.


Log for 'C:\Users\craig\AppData\Local\Temp\38091d0b1c114c7c87513ec32bc1d93e-pulp.lp' Clone_2 (V12.10.0.0) Sun Feb 14 12:36:52 2021


Log for 'C:\Users\craig\AppData\Local\Temp\38091d0b1c114c7c87513ec32bc1d93e-pulp.lp' Clone_2 (V12.10.0.0) Sun Feb 14 12:41:20 2021

Tried aggregator 1 time.
LP Presolve eliminated 2091 rows and 636 columns.
Aggregator did 72 substitutions.
Reduced LP has 1674 rows, 1128 columns, and 4230 nonzeros.
Presolve time = 0.02 sec. (3.28 ticks)

Iteration log . . .
Iteration:     1    Scaled infeas =        113967.520829
Iteration:   284    Scaled infeas =          7063.792675
Switched to devex.
Iteration:   471    Scaled infeas =          3954.050809
Iteration:   671    Scaled infeas =          1768.629226
Iteration:   824    Scaled infeas =          1143.962338
Iteration:   974    Scaled infeas =           339.417677
Iteration:  1118    Scaled infeas =             8.776748
Iteration:  1124    Objective     =          1310.616274
Iteration:  1243    Objective     =          1106.555165
Iteration:  1382    Objective     =           866.779107
Iteration:  1508    Objective     =           621.743577
Switched to steepest-edge.
Iteration:  1635    Objective     =           500.832701
Iteration:  1717    Objective     =           462.880200

Dual simplex solved model.


Log for 'C:\Users\craig\AppData\Local\Temp\9019733514c845168cfe35c3d3526e0a-pulp.lp' Clone_2 (V12.10.0.0) Sun Feb 14 12:54:38 2021


Log for 'C:\Users\craig\AppData\Local\Temp\9019733514c845168cfe35c3d3526e0a-pulp.lp' Clone_2 (V12.10.0.0) Sun Feb 14 12:59:45 2021

Tried aggregator 1 time.
LP Presolve eliminated 2091 rows and 636 columns.
Aggregator did 72 substitutions.
Reduced LP has 1674 rows, 1128 columns, and 4230 nonzeros.
Presolve time = 0.02 sec. (3.28 ticks)

Iteration log . . .
Iteration:     1    Scaled infeas =        113967.520829
Iteration:   284    Scaled infeas =          7063.792675
Switched to devex.
Iteration:   471    Scaled infeas =          3954.050809
Iteration:   671    Scaled infeas =          1768.629226
Iteration:   824    Scaled infeas =          1143.962338
Iteration:   974    Scaled infeas =           339.417677
Iteration:  1118    Scaled infeas =             8.776748
Iteration:  1124    Objective     =          1310.616274
Iteration:  1243    Objective     =          1106.555165
Iteration:  1382    Objective     =           866.779107
Iteration:  1508    Objective     =           621.743577
Switched to steepest-edge.
Iteration:  1635    Objective     =           500.832701
Iteration:  1717    Objective     =           462.880200
Iteration:  1814    Objective     =           403.527882
Iteration:  1906    Objective     =           384.361749
Iteration:  1993    Objective     =           310.916963
Iteration:  2070    Objective     =           274.407293
Iteration:  2166    Objective     =           134.744230
Iteration:  2248    Objective     =            58.749700
Iteration:  2338    Objective     =             0.307950

Dual simplex solved model.


Log for 'C:\Users\craig\AppData\Local\Temp\2c55833a1c174b76bc08cdf9e33fe7e7-pulp.lp' Clone_2 (V12.10.0.0) Sun Feb 14 13:07:53 2021


Log for 'C:\Users\craig\AppData\Local\Temp\2c55833a1c174b76bc08cdf9e33fe7e7-pulp.lp' Clone_2 (V12.10.0.0) Sun Feb 14 13:12:54 2021

Tried aggregator 1 time.
LP Presolve eliminated 2091 rows and 636 columns.
Aggregator did 72 substitutions.
Reduced LP has 1674 rows, 1128 columns, and 4230 nonzeros.
Presolve time = 0.00 sec. (3.28 ticks)

Iteration log . . .
Iteration:     1    Scaled infeas =        113967.520829
Iteration:   284    Scaled infeas =          7063.792675
Switched to devex.
Iteration:   471    Scaled infeas =          3954.050809
Iteration:   671    Scaled infeas =          1768.629226
Iteration:   824    Scaled infeas =          1143.962338
Iteration:   974    Scaled infeas =           339.417677
Iteration:  1118    Scaled infeas =             8.776748
Iteration:  1124    Objective     =          1310.616274
Iteration:  1243    Objective     =          1106.555165
Iteration:  1382    Objective     =           866.779107
Iteration:  1508    Objective     =           621.743577
Switched to steepest-edge.
Iteration:  1635    Objective     =           500.832701
Iteration:  1717    Objective     =           462.880200
Iteration:  1814    Objective     =           403.527882
Iteration:  1906    Objective     =           384.361749
Iteration:  1993    Objective     =           310.916963
Iteration:  2070    Objective     =           274.407293
Iteration:  2166    Objective     =           134.744230
Iteration:  2248    Objective     =            58.749700
Iteration:  2338    Objective     =             0.307950

Dual simplex solved model.


Log for 'C:\Users\craig\AppData\Local\Temp\e593e985157949d09d97d4dcc6db2e5d-pulp.lp' Clone_2 (V12.10.0.0) Thu Feb 18 11:52:51 2021


Log for 'C:\Users\craig\AppData\Local\Temp\58e42795cdb7437da31cde243ee04042-pulp.lp' Clone_2 (V12.10.0.0) Thu Feb 18 12:37:47 2021


Log for 'C:\Users\craig\AppData\Local\Temp\ea88aba390a34ca4923baab80a2b11c5-pulp.lp' Clone_2 (V12.10.0.0) Fri Feb 19 19:10:50 2021


Log for 'C:\Users\craig\AppData\Local\Temp\e17c45d395b549bd9d34da518112fe86-pulp.lp' Clone_2 (V12.10.0.0) Fri Feb 19 20:24:30 2021


Log for 'C:\Users\craig\AppData\Local\Temp\6d20c727ff8247adaf7c2fccc3b61d7b-pulp.lp' Clone_2 (V12.10.0.0) Mon Mar  1 11:55:27 2021

